2024-12-08 16:10:05 Ticket 9453 was added to the pool, current Ticket count is 1.
2024-12-08 16:10:06 Ticket 8133 was added to the pool, current Ticket count is 2.
2024-12-08 16:10:06 Vendor 1900 released 2 tickets.
2024-12-08 16:10:10 Ticket 3611 was added to the pool, current Ticket count is 3.
2024-12-08 16:10:11 Ticket 8284 was added to the pool, current Ticket count is 4.
2024-12-08 16:10:11 Vendor 1900 released 2 tickets.
2024-12-08 16:10:15 Ticket 6270 was added to the pool, current Ticket count is 5.
2024-12-08 16:10:16 Ticket 7534 was added to the pool, current Ticket count is 6.
2024-12-08 16:10:16 Vendor 1900 released 2 tickets.
2024-12-08 16:10:18 Ticket 9453 was removed from the pool.
2024-12-08 16:10:18 Customer 70 removed a ticket.
2024-12-08 16:10:20 Ticket 8133 was removed from the pool.
2024-12-08 16:10:20 Customer 9134 removed a ticket.
2024-12-08 16:10:21 Ticket 3422 was added to the pool, current Ticket count is 5.
2024-12-08 16:10:22 Ticket 1163 was added to the pool, current Ticket count is 6.
2024-12-08 16:10:22 Vendor 1900 released 2 tickets.
2024-12-08 16:10:24 Ticket 3611 was removed from the pool.
2024-12-08 16:10:24 Customer 70 removed a ticket.
2024-12-08 16:10:26 Ticket 8284 was removed from the pool.
2024-12-08 16:10:26 Customer 1374 removed a ticket.
2024-12-08 16:10:27 Ticket 7506 was added to the pool, current Ticket count is 5.
2024-12-08 16:10:28 Ticket 2400 was added to the pool, current Ticket count is 6.
2024-12-08 16:10:28 Vendor 1900 released 2 tickets.
2024-12-08 16:10:30 Ticket 6270 was removed from the pool.
2024-12-08 16:10:30 Customer 70 removed a ticket.
2024-12-08 16:10:32 Ticket 7534 was removed from the pool.
2024-12-08 16:10:32 Customer 9134 removed a ticket.
2024-12-08 16:10:34 Ticket 3422 was removed from the pool.
2024-12-08 16:10:34 Customer 4571 removed a ticket.
2024-12-08 16:10:35 Ticket 8010 was added to the pool, current Ticket count is 4.
2024-12-08 16:10:36 Ticket 4607 was added to the pool, current Ticket count is 5.
2024-12-08 16:10:36 Vendor 1900 released 2 tickets.
2024-12-08 16:10:38 Ticket 1163 was removed from the pool.
2024-12-08 16:10:38 Customer 70 removed a ticket.
2024-12-08 16:10:40 Ticket 7506 was removed from the pool.
2024-12-08 16:10:40 Customer 1374 removed a ticket.
2024-12-08 16:10:41 Ticket 2345 was added to the pool, current Ticket count is 4.
2024-12-08 16:10:42 Ticket 3088 was added to the pool, current Ticket count is 5.
2024-12-08 16:10:42 Vendor 1900 released 2 tickets.
2024-12-08 16:10:44 Ticket 2400 was removed from the pool.
2024-12-08 16:10:44 Customer 70 removed a ticket.
2024-12-08 16:10:46 Ticket 8010 was removed from the pool.
2024-12-08 16:10:46 Customer 4571 removed a ticket.
2024-12-08 16:10:48 Ticket 4607 was removed from the pool.
2024-12-08 16:10:48 Customer 9134 removed a ticket.
2024-12-08 16:10:50 Ticket 2345 was removed from the pool.
2024-12-08 16:10:50 Customer 9303 removed a ticket.
2024-12-08 16:10:52 Ticket 3088 was removed from the pool.
2024-12-08 16:10:52 Customer 9134 removed a ticket.
2024-12-08 16:10:52 No tickets available. Waiting to be removed.
2024-12-08 16:10:53 Ticket 6153 was added to the pool, current Ticket count is 1.
2024-12-08 16:10:54 Ticket 6971 was added to the pool, current Ticket count is 2.
2024-12-08 16:10:54 Vendor 1900 released 2 tickets.
2024-12-08 16:10:56 Ticket 6153 was removed from the pool.
2024-12-08 16:10:56 Customer 70 removed a ticket.
2024-12-08 16:10:58 Ticket 6971 was removed from the pool.
2024-12-08 16:10:58 Customer 1374 removed a ticket.
