2024-12-12 02:25:24 Configuration has been updated successfully
2024-12-12 02:25:27 Vendor 9072 has been added to the system successfully
2024-12-12 02:25:28 Ticket 1957 was added to the pool, current Ticket count is 1.
2024-12-12 02:25:31 Ticket 2754 was added to the pool, current Ticket count is 2.
2024-12-12 02:25:34 Vendor 9072 released 2 tickets.
2024-12-12 02:25:37 Ticket 8981 was added to the pool, current Ticket count is 3.
2024-12-12 02:25:40 Ticket 6832 was added to the pool, current Ticket count is 4.
2024-12-12 02:25:44 Vendor 9072 released 2 tickets.
2024-12-12 02:25:44 Client disconnected from /logs
2024-12-12 02:25:44 Client disconnected from log stream
2024-12-12 02:25:46 Ticket 7040 was added to the pool, current Ticket count is 5.
2024-12-12 02:25:49 Ticket 2250 was added to the pool, current Ticket count is 6.
2024-12-12 02:25:53 Vendor 9072 released 2 tickets.
2024-12-12 02:25:55 Ticket 4743 was added to the pool, current Ticket count is 7.
2024-12-12 02:25:58 Ticket 4460 was added to the pool, current Ticket count is 8.
2024-12-12 02:26:02 Vendor 9072 released 2 tickets.
2024-12-12 02:26:04 Ticket 1611 was added to the pool, current Ticket count is 9.
2024-12-12 02:26:07 Ticket 4206 was added to the pool, current Ticket count is 10.
2024-12-12 02:26:11 Vendor 9072 released 2 tickets.
2024-12-12 02:26:13 Ticket 4443 was added to the pool, current Ticket count is 11.
